================================================================================
SESSION: 24 Jun 2024 19:13:09 +0300. Executing /usr/bin/krita

Krita Version: 5.2.2, Qt version compiled: 5.15.12, loaded: 5.15.13. Process ID: 149459
-- -- -- -- -- -- -- --
24 Jun 2024 19:13:09 +0300: Style: breeze. Available styles: Breeze, Windows, Fusion
24 Jun 2024 19:13:09 +0300: Creating database from scratch (database didn't exist, new schema version: 0.0.17).
24 Jun 2024 19:13:55 +0300: Created image "Unnamed", 514 * 512 pixels, 300 dpi. Color model: 8-bit integer/channel RGB/Alpha (sRGB-elle-V2-srgbtrc.icc). Layers: 1
24 Jun 2024 19:15:35 +0300: Importing image/png to application/x-krita. Location: /home/rad1an/Downloads/LOGO-LNOB_ENG-UKR.png. Real location: /home/rad1an/Downloads/LOGO-LNOB_ENG-UKR.png. Batchmode: 0
24 Jun 2024 19:15:37 +0300: Loaded image from image/png. Size: 12013 * 6956 pixels, 4.16665 dpi. Color model: 8-bit integer/channel RGB/Alpha (sRGB-elle-V2-srgbtrc.icc). Layers: 2
24 Jun 2024 19:16:21 +0300: Importing image/png to application/x-krita. Location: /home/rad1an/Downloads/LOGO-LNOB_ENG-UKR.png. Real location: /home/rad1an/Downloads/LOGO-LNOB_ENG-UKR.png. Batchmode: 0
24 Jun 2024 19:16:23 +0300: Loaded image from image/png. Size: 12013 * 6956 pixels, 4.16665 dpi. Color model: 8-bit integer/channel RGB/Alpha (sRGB-elle-V2-srgbtrc.icc). Layers: 2
24 Jun 2024 19:22:20 +0300: SAFE ASSERT (krita): "!m_d->parent || !parent" in file /builddir/build/BUILD/krita-5.2.2/libs/image/kis_paint_device.cc, line 1200
24 Jun 2024 19:23:24 +0300: Autosaving: /home/rad1an/Downloads/LOGO-LNOB_ENG-UKR.png-autosave.kra
24 Jun 2024 19:23:24 +0300: Converting from application/x-krita to application/x-krita. Location: /home/rad1an/Downloads/LOGO-LNOB_ENG-UKR.png-autosave.kra. Real location: /home/rad1an/Downloads/LOGO-LNOB_ENG-UKR.png-autosave.kra. Batchmode: 0. Configuration: none
24 Jun 2024 19:23:28 +0300: Completed saving /home/rad1an/Downloads/LOGO-LNOB_ENG-UKR.png-autosave.kra (mime: application/x-krita). Result: OK. Warning: . Size: 13321893
24 Jun 2024 19:30:32 +0300: Autosaving: /home/rad1an/Downloads/LOGO-LNOB_ENG-UKR.png-autosave.kra
24 Jun 2024 19:30:32 +0300: Converting from application/x-krita to application/x-krita. Location: /home/rad1an/Downloads/LOGO-LNOB_ENG-UKR.png-autosave.kra. Real location: /home/rad1an/Downloads/LOGO-LNOB_ENG-UKR.png-autosave.kra. Batchmode: 0. Configuration: none
24 Jun 2024 19:30:36 +0300: Completed saving /home/rad1an/Downloads/LOGO-LNOB_ENG-UKR.png-autosave.kra (mime: application/x-krita). Result: OK. Warning: . Size: 13470674
24 Jun 2024 19:32:33 +0300: Created image "Unnamed", 304 * 304 pixels, 300 dpi. Color model: 8-bit integer/channel RGB/Alpha (sRGB-elle-V2-srgbtrc.icc). Layers: 1
24 Jun 2024 19:33:07 +0300: Created image "Unnamed", 29 * 29 pixels, 300 dpi. Color model: 8-bit integer/channel RGB/Alpha (sRGB-elle-V2-srgbtrc.icc). Layers: 1
24 Jun 2024 20:09:35 +0300: Removing autosave file: /home/rad1an/Downloads/LOGO-LNOB_ENG-UKR.png-autosave.kra
24 Jun 2024 20:09:35 +0300: CLOSING SESSION
