{
    "applicationVersion": {
        "data": {
            "value": "5.27.11"
        },
        "description": "The version of the application.",
        "telemetryMode": "BasicSystemInformation"
    },
    "compiler": {
        "data": {
            "type": "GCC",
            "version": "13.2"
        },
        "description": "The compiler used to build this application.",
        "telemetryMode": "BasicSystemInformation"
    },
    "opengl": {
        "data": {
            "type": "none"
        },
        "description": "Information about type, version and vendor of the OpenGL stack.",
        "telemetryMode": "DetailedSystemInformation"
    },
    "panelCount": {
        "data": {
            "panelCount": 1
        },
        "description": "Counts the panels",
        "telemetryMode": "DetailedSystemInformation"
    },
    "platform": {
        "data": {
            "os": "linux",
            "version": "fedora-39"
        },
        "description": "Type and version of the operating system.",
        "telemetryMode": "BasicSystemInformation"
    },
    "qpa": {
        "data": {
            "name": "wayland"
        },
        "description": "The Qt platform abstraction plugin.",
        "telemetryMode": "BasicSystemInformation"
    },
    "qtVersion": {
        "data": {
            "value": "5.15.12"
        },
        "description": "The Qt version used by this application.",
        "telemetryMode": "BasicSystemInformation"
    },
    "screens": {
        "data": [
            {
                "devicePixelRatio": 1,
                "dpi": 144,
                "height": 1080,
                "width": 1920
            }
        ],
        "description": "Size and resolution of all connected screens.",
        "telemetryMode": "DetailedSystemInformation"
    },
    "usageTime": {
        "data": {
            "value": 4939330
        },
        "description": "The total amount of time the application has been used.",
        "telemetryMode": "BasicUsageStatistics"
    }
}
