{
    "applicationVersion": {
        "data": {
            "value": "6.1.3"
        },
        "description": "The version of the application.",
        "telemetryMode": "BasicSystemInformation"
    },
    "compiler": {
        "data": {
            "type": "GCC",
            "version": "14.1"
        },
        "description": "The compiler used to build this application.",
        "telemetryMode": "BasicSystemInformation"
    },
    "opengl": {
        "data": {
            "glslVersion": "4.60",
            "profile": "compat",
            "renderer": "UHD Graphics 630",
            "type": "GL",
            "vendor": "Intel",
            "vendorVersion": "Mesa 24.1.4",
            "version": "4.6"
        },
        "description": "Information about type, version and vendor of the OpenGL stack.",
        "telemetryMode": "DetailedSystemInformation"
    },
    "panelCount": {
        "data": {
            "panelCount": 3
        },
        "description": "Counts the panels",
        "telemetryMode": "DetailedSystemInformation"
    },
    "platform": {
        "data": {
            "os": "linux",
            "version": "fedora-40"
        },
        "description": "Type and version of the operating system.",
        "telemetryMode": "BasicSystemInformation"
    },
    "qpa": {
        "data": {
            "name": "wayland"
        },
        "description": "The Qt platform abstraction plugin.",
        "telemetryMode": "BasicSystemInformation"
    },
    "qtVersion": {
        "data": {
            "value": "6.7.2"
        },
        "description": "The Qt version used by this application.",
        "telemetryMode": "BasicSystemInformation"
    },
    "screens": {
        "data": [
            {
                "devicePixelRatio": 1,
                "dpi": 142,
                "height": 1080,
                "width": 1920
            }
        ],
        "description": "Size and resolution of all connected screens.",
        "telemetryMode": "DetailedSystemInformation"
    },
    "usageTime": {
        "data": {
            "value": 6827362
        },
        "description": "The total amount of time the application has been used.",
        "telemetryMode": "BasicUsageStatistics"
    }
}
