{
    "applicationSourceName": {
        "data": {
            "value": "packagekit-backend"
        },
        "description": "The source for applications",
        "telemetryMode": "DetailedUsageStatistics"
    },
    "applicationVersion": {
        "data": {
            "value": "5.24.5"
        },
        "description": "The version of the application.",
        "telemetryMode": "BasicSystemInformation"
    },
    "locale": {
        "data": {
            "language": "English",
            "region": "United States"
        },
        "description": "The current region and language settings.",
        "telemetryMode": "DetailedSystemInformation"
    },
    "opengl": {
        "data": {
            "glslVersion": "4.60",
            "profile": "compat",
            "renderer": "UHD Graphics 630",
            "type": "GL",
            "vendor": "Intel",
            "vendorVersion": "Mesa 22.1.0",
            "version": "4.6"
        },
        "description": "Information about type, version and vendor of the OpenGL stack.",
        "telemetryMode": "DetailedSystemInformation"
    },
    "platform": {
        "data": {
            "os": "linux",
            "version": "endeavouros"
        },
        "description": "Type and version of the operating system.",
        "telemetryMode": "BasicSystemInformation"
    },
    "qtVersion": {
        "data": {
            "value": "5.15.4"
        },
        "description": "The Qt version used by this application.",
        "telemetryMode": "BasicSystemInformation"
    },
    "screens": {
        "data": [
            {
                "devicePixelRatio": 1,
                "dpi": 144,
                "height": 1080,
                "width": 1920
            }
        ],
        "description": "Size and resolution of all connected screens.",
        "telemetryMode": "DetailedSystemInformation"
    },
    "startCount": {
        "data": {
            "value": 3
        },
        "description": "How often the application has been started.",
        "telemetryMode": "BasicUsageStatistics"
    },
    "usageTime": {
        "data": {
            "value": 0
        },
        "description": "The total amount of time the application has been used.",
        "telemetryMode": "BasicUsageStatistics"
    }
}
